<?xml version="1.0" encoding="UTF-8"?>
<!-- Generated by org.testng.reporters.JUnitReportReporter -->
<testsuite skipped="0" hostname="DESKTOP-RK11H6R" name="org.dbserver.evaluation.store.testcases.BuyProductTestCase" tests="2" failures="0" timestamp="22 jun 2018 16:06:15 GMT" time="37.930" errors="0">
  <testcase name="testOne" time="24.963" classname="org.dbserver.evaluation.store.testcases.BuyProductTestCase"/>
  <testcase name="testOne" time="12.967" classname="org.dbserver.evaluation.store.testcases.BuyProductTestCase"/>
</testsuite> <!-- org.dbserver.evaluation.store.testcases.BuyProductTestCase -->
